D:\MES DOCUMENTS\DESKTOP\P10\P10\DEBUG\P10.EXE
D:\MES DOCUMENTS\DESKTOP\P10\P10\DEBUG\P10.ILK
D:\MES DOCUMENTS\DESKTOP\P10\P10\DEBUG\P10.PDB
D:\MES DOCUMENTS\DESKTOP\P10\P10\P10\DEBUG\MAINFRM.OBJ
D:\MES DOCUMENTS\DESKTOP\P10\P10\P10\DEBUG\MVOPS.OBJ
D:\MES DOCUMENTS\DESKTOP\P10\P10\P10\DEBUG\P10.EXE.EMBED.MANIFEST
D:\MES DOCUMENTS\DESKTOP\P10\P10\P10\DEBUG\P10.EXE.EMBED.MANIFEST.RES
D:\MES DOCUMENTS\DESKTOP\P10\P10\P10\DEBUG\P10.EXE.INTERMEDIATE.MANIFEST
D:\MES DOCUMENTS\DESKTOP\P10\P10\P10\DEBUG\P10.OBJ
D:\MES DOCUMENTS\DESKTOP\P10\P10\P10\DEBUG\P10.RES
D:\MES DOCUMENTS\DESKTOP\P10\P10\P10\DEBUG\P10DOC.OBJ
D:\MES DOCUMENTS\DESKTOP\P10\P10\P10\DEBUG\P10VIEW.OBJ
D:\MES DOCUMENTS\DESKTOP\P10\P10\P10\DEBUG\STDAFX.OBJ
D:\MES DOCUMENTS\DESKTOP\P10\P10\P10\DEBUG\TRAITEMENTIMAGE.OBJ
D:\MES DOCUMENTS\DESKTOP\P10\P10\P10\DEBUG\VC100.PDB
D:\Mes Documents\Desktop\P10S4Projet\P10_S4_Programme\P10\Debug\P10.pdb
D:\Mes Documents\Desktop\P10S4Projet\P10_S4_Programme\P10\P10\Debug\cl.command.1.tlog
D:\Mes Documents\Desktop\P10S4Projet\P10_S4_Programme\P10\P10\Debug\CL.read.1.tlog
D:\Mes Documents\Desktop\P10S4Projet\P10_S4_Programme\P10\P10\Debug\CL.write.1.tlog
D:\Mes Documents\Desktop\P10S4Projet\P10_S4_Programme\P10\P10\Debug\link.7112.read.1.tlog
D:\Mes Documents\Desktop\P10S4Projet\P10_S4_Programme\P10\P10\Debug\link.7112.write.1.tlog
D:\Mes Documents\Desktop\P10S4Projet\P10_S4_Programme\P10\P10\Debug\link.7112-cvtres.read.1.tlog
D:\Mes Documents\Desktop\P10S4Projet\P10_S4_Programme\P10\P10\Debug\link.7112-cvtres.write.1.tlog
D:\Mes Documents\Desktop\P10S4Projet\P10_S4_Programme\P10\P10\Debug\link.command.1.tlog
D:\Mes Documents\Desktop\P10S4Projet\P10_S4_Programme\P10\P10\Debug\link.read.1.tlog
D:\Mes Documents\Desktop\P10S4Projet\P10_S4_Programme\P10\P10\Debug\link.write.1.tlog
D:\Mes Documents\Desktop\P10S4Projet\P10_S4_Programme\P10\P10\Debug\link-cvtres.read.1.tlog
D:\Mes Documents\Desktop\P10S4Projet\P10_S4_Programme\P10\P10\Debug\link-cvtres.write.1.tlog
D:\MES DOCUMENTS\DESKTOP\P10S4PROJET\P10_S4_PROGRAMME\P10\P10\DEBUG\MAINFRM.OBJ
D:\Mes Documents\Desktop\P10S4Projet\P10_S4_Programme\P10\P10\Debug\mt.command.1.tlog
D:\Mes Documents\Desktop\P10S4Projet\P10_S4_Programme\P10\P10\Debug\mt.read.1.tlog
D:\Mes Documents\Desktop\P10S4Projet\P10_S4_Programme\P10\P10\Debug\mt.write.1.tlog
D:\MES DOCUMENTS\DESKTOP\P10S4PROJET\P10_S4_PROGRAMME\P10\P10\DEBUG\MVOPS.OBJ
D:\Mes Documents\Desktop\P10S4Projet\P10_S4_Programme\P10\P10\Debug\P10.exe.embed.manifest
D:\MES DOCUMENTS\DESKTOP\P10S4PROJET\P10_S4_PROGRAMME\P10\P10\DEBUG\P10.EXE.EMBED.MANIFEST.RES
D:\Mes Documents\Desktop\P10S4Projet\P10_S4_Programme\P10\P10\Debug\P10.exe.intermediate.manifest
D:\MES DOCUMENTS\DESKTOP\P10S4PROJET\P10_S4_PROGRAMME\P10\P10\DEBUG\P10.OBJ
D:\MES DOCUMENTS\DESKTOP\P10S4PROJET\P10_S4_PROGRAMME\P10\P10\DEBUG\P10.RES
D:\Mes Documents\Desktop\P10S4Projet\P10_S4_Programme\P10\P10\Debug\P10_manifest.rc
D:\MES DOCUMENTS\DESKTOP\P10S4PROJET\P10_S4_PROGRAMME\P10\P10\DEBUG\P10DOC.OBJ
D:\MES DOCUMENTS\DESKTOP\P10S4PROJET\P10_S4_PROGRAMME\P10\P10\DEBUG\P10VIEW.OBJ
D:\Mes Documents\Desktop\P10S4Projet\P10_S4_Programme\P10\P10\Debug\rc.command.1.tlog
D:\Mes Documents\Desktop\P10S4Projet\P10_S4_Programme\P10\P10\Debug\rc.read.1.tlog
D:\Mes Documents\Desktop\P10S4Projet\P10_S4_Programme\P10\P10\Debug\rc.write.1.tlog
D:\MES DOCUMENTS\DESKTOP\P10S4PROJET\P10_S4_PROGRAMME\P10\P10\DEBUG\STDAFX.OBJ
D:\MES DOCUMENTS\DESKTOP\P10S4PROJET\P10_S4_PROGRAMME\P10\P10\DEBUG\TRAITEMENTIMAGE.OBJ
D:\Mes Documents\Desktop\P10S4Projet\P10_S4_Programme\P10\P10\Debug\vc100.idb
D:\MES DOCUMENTS\DESKTOP\P10S4PROJET\P10_S4_PROGRAMME\P10\P10\DEBUG\VC100.PDB
