La génération a démarré 2011-08-08 16:08:41.
     1>Projet "D:\Mes Documents\Desktop\P10S4Projet\P10_S4_Programme\P10\P10\P10.vcxproj" sur le nœud 2 (build cible(s)).
     1>InitializeBuildStatus:
         Création de "Debug\P10.unsuccessfulbuild", car "AlwaysCreate" a été spécifié.
       ClCompile:
         Toutes les sorties sont à jour.
         Toutes les sorties sont à jour.
       ResourceCompile:
         Toutes les sorties sont à jour.
       ManifestResourceCompile:
         Toutes les sorties sont à jour.
       Link:
         Toutes les sorties sont à jour.
       Manifest:
         Toutes les sorties sont à jour.
         Toutes les sorties sont à jour.
       FinalizeBuildStatus:
         Suppression du fichier "Debug\P10.unsuccessfulbuild".
         Mise à jour de l'horodatage "Debug\P10.lastbuildstate".
     1>Génération du projet "D:\Mes Documents\Desktop\P10S4Projet\P10_S4_Programme\P10\P10\P10.vcxproj" terminée (build cible(s)).

La génération a réussi.

Temps écoulé 00:00:00.20
