D:\Mes Documents\Desktop\P10S4Projet\P10_S4_Programme\P10\P10\Release\cl.command.1.tlog
D:\Mes Documents\Desktop\P10S4Projet\P10_S4_Programme\P10\P10\Release\CL.read.1.tlog
D:\Mes Documents\Desktop\P10S4Projet\P10_S4_Programme\P10\P10\Release\CL.write.1.tlog
D:\Mes Documents\Desktop\P10S4Projet\P10_S4_Programme\P10\P10\Release\link.command.1.tlog
D:\Mes Documents\Desktop\P10S4Projet\P10_S4_Programme\P10\P10\Release\link.read.1.tlog
D:\Mes Documents\Desktop\P10S4Projet\P10_S4_Programme\P10\P10\Release\link.write.1.tlog
D:\Mes Documents\Desktop\P10S4Projet\P10_S4_Programme\P10\P10\Release\link-cvtres.read.1.tlog
D:\Mes Documents\Desktop\P10S4Projet\P10_S4_Programme\P10\P10\Release\link-cvtres.write.1.tlog
D:\MES DOCUMENTS\DESKTOP\P10S4PROJET\P10_S4_PROGRAMME\P10\P10\RELEASE\MAINFRM.OBJ
D:\Mes Documents\Desktop\P10S4Projet\P10_S4_Programme\P10\P10\Release\mt.command.1.tlog
D:\Mes Documents\Desktop\P10S4Projet\P10_S4_Programme\P10\P10\Release\mt.read.1.tlog
D:\Mes Documents\Desktop\P10S4Projet\P10_S4_Programme\P10\P10\Release\mt.write.1.tlog
D:\MES DOCUMENTS\DESKTOP\P10S4PROJET\P10_S4_PROGRAMME\P10\P10\RELEASE\MVOPS.OBJ
D:\MES DOCUMENTS\DESKTOP\P10S4PROJET\P10_S4_PROGRAMME\P10\P10\RELEASE\P10.EXE.INTERMEDIATE.MANIFEST
D:\MES DOCUMENTS\DESKTOP\P10S4PROJET\P10_S4_PROGRAMME\P10\P10\RELEASE\P10.OBJ
D:\MES DOCUMENTS\DESKTOP\P10S4PROJET\P10_S4_PROGRAMME\P10\P10\RELEASE\P10.RES
D:\MES DOCUMENTS\DESKTOP\P10S4PROJET\P10_S4_PROGRAMME\P10\P10\RELEASE\P10DOC.OBJ
D:\MES DOCUMENTS\DESKTOP\P10S4PROJET\P10_S4_PROGRAMME\P10\P10\RELEASE\P10VIEW.OBJ
D:\Mes Documents\Desktop\P10S4Projet\P10_S4_Programme\P10\P10\Release\rc.command.1.tlog
D:\Mes Documents\Desktop\P10S4Projet\P10_S4_Programme\P10\P10\Release\rc.read.1.tlog
D:\Mes Documents\Desktop\P10S4Projet\P10_S4_Programme\P10\P10\Release\rc.write.1.tlog
D:\MES DOCUMENTS\DESKTOP\P10S4PROJET\P10_S4_PROGRAMME\P10\P10\RELEASE\STDAFX.OBJ
D:\MES DOCUMENTS\DESKTOP\P10S4PROJET\P10_S4_PROGRAMME\P10\P10\RELEASE\TRAITEMENTIMAGE.OBJ
D:\MES DOCUMENTS\DESKTOP\P10S4PROJET\P10_S4_PROGRAMME\P10\P10\RELEASE\VC100.PDB
D:\MES DOCUMENTS\DESKTOP\P10S4PROJET\P10_S4_PROGRAMME\P10\RELEASE\P10.EXE
D:\MES DOCUMENTS\DESKTOP\P10S4PROJET\P10_S4_PROGRAMME\P10\RELEASE\P10.PDB
